[1265564979012] NEW SESSION
[1265565369019] left click on word 3.0.0 ('ladies')
[1265565369019] new alignment group
[1265565369019] add 3.0.0 to 3[:]
[1265565369850] left click on word 3.0.1 ('and')
[1265565369850] add 3.0.1 to 3[0:]
[1265565370313] left click on word 3.0.2 ('gentlemen')
[1265565370314] add 3.0.2 to 3[0,1:]
[1265565371956] left click on word 3.1.0 ('chers')
[1265565371957] add 3.1.0 to 3[0,1,2:]
[1265565372626] right click on word 3.1.1 ('collègues')
[1265565372627] add 3.1.1 to 3[0,1,2:0]
[1265566073790] NEW SESSION
[1265566078349] left click on word 3.0.20 ('finnish')
[1265566078349] new alignment group
[1265566078349] add 3.0.20 to 3[:]
[1265566081652] right click on word 3.1.31 ('finlandais')
[1265566081653] add 3.1.31 to 3[20:]
[1265566082503] left click on word 3.1.30 ('parlement')
[1265566082503] new alignment group
[1265566082503] add 3.1.30 to 3[:]
[1265566083997] right click on word 3.0.21 ('parliament')
[1265566083997] add 3.0.21 to 3[:30]
[1265566087382] left click on word 3.0.41 ('tuomioja')
[1265566087382] new alignment group
[1265566087382] add 3.0.41 to 3[:]
[1265566088740] right click on word 3.1.40 ('tuomioja')
[1265566088741] add 3.1.40 to 3[41:]
[1265566089651] left click on word 3.1.39 ('erkki')
[1265566089651] new alignment group
[1265566089651] add 3.1.39 to 3[:]
[1265566090785] right click on word 3.0.40 ('erkki')
[1265566090786] add 3.0.40 to 3[:39]
[1265566093667] left click on word 3.0.39 ('mr')
[1265566093667] new alignment group
[1265566093667] add 3.0.39 to 3[:]
[1265566094890] right click on word 3.1.38 ('m.')
[1265566094890] add 3.1.38 to 3[39:]
[1265566095959] left click on word 3.1.14 ('membres')
[1265566095959] new alignment group
[1265566095960] add 3.1.14 to 3[:]
[1265566105712] right click on word 3.0.13 ('delegation')
[1265566105713] add 3.0.13 to 3[:14]
